2023-02-05 16:16:48,399 - mmcls - INFO - Environment info:
------------------------------------------------------------
sys.platform: linux
Python: 3.8.16 (default, Jan 17 2023, 23:13:24) [GCC 11.2.0]
CUDA available: True
GPU 0: Tesla V100-SXM2-32GB
CUDA_HOME: /data/apps/cuda/10.0
NVCC: Cuda compilation tools, release 10.0, V10.0.13
GCC: gcc (GCC) 7.3.0
PyTorch: 1.13.1+cu117
PyTorch compiling details: PyTorch built with:
  - GCC 9.3
  - C++ Version: 201402
  - Intel(R) Math Kernel Library Version 2020.0.0 Product Build 20191122 for Intel(R) 64 architecture applications
  - Intel(R) MKL-DNN v2.6.0 (Git Hash 52b5f107dd9cf10910aaa19cb47f3abf9b349815)
  - OpenMP 201511 (a.k.a. OpenMP 4.5)
  - LAPACK is enabled (usually provided by MKL)
  - NNPACK is enabled
  - CPU capability usage: AVX2
  - CUDA Runtime 11.7
  - NVCC architecture flags: -gencode;arch=compute_37,code=sm_37;-gencode;arch=compute_50,code=sm_50;-gencode;arch=compute_60,code=sm_60;-gencode;arch=compute_70,code=sm_70;-gencode;arch=compute_75,code=sm_75;-gencode;arch=compute_80,code=sm_80;-gencode;arch=compute_86,code=sm_86
  - CuDNN 8.5
  - Magma 2.6.1
  - Build settings: BLAS_INFO=mkl, BUILD_TYPE=Release, CUDA_VERSION=11.7, CUDNN_VERSION=8.5.0, CXX_COMPILER=/opt/rh/devtoolset-9/root/usr/bin/c++, CXX_FLAGS= -fabi-version=11 -Wno-deprecated -fvisibility-inlines-hidden -DUSE_PTHREADPOOL -fopenmp -DNDEBUG -DUSE_KINETO -DUSE_FBGEMM -DUSE_QNNPACK -DUSE_PYTORCH_QNNPACK -DUSE_XNNPACK -DSYMBOLICATE_MOBILE_DEBUG_HANDLE -DEDGE_PROFILER_USE_KINETO -O2 -fPIC -Wno-narrowing -Wall -Wextra -Werror=return-type -Werror=non-virtual-dtor -Wno-missing-field-initializers -Wno-type-limits -Wno-array-bounds -Wno-unknown-pragmas -Wunused-local-typedefs -Wno-unused-parameter -Wno-unused-function -Wno-unused-result -Wno-strict-overflow -Wno-strict-aliasing -Wno-error=deprecated-declarations -Wno-stringop-overflow -Wno-psabi -Wno-error=pedantic -Wno-error=redundant-decls -Wno-error=old-style-cast -fdiagnostics-color=always -faligned-new -Wno-unused-but-set-variable -Wno-maybe-uninitialized -fno-math-errno -fno-trapping-math -Werror=format -Werror=cast-function-type -Wno-stringop-overflow, LAPACK_INFO=mkl, PERF_WITH_AVX=1, PERF_WITH_AVX2=1, PERF_WITH_AVX512=1, TORCH_VERSION=1.13.1, USE_CUDA=ON, USE_CUDNN=ON, USE_EXCEPTION_PTR=1, USE_GFLAGS=OFF, USE_GLOG=OFF, USE_MKL=ON, USE_MKLDNN=ON, USE_MPI=OFF, USE_NCCL=ON, USE_NNPACK=ON, USE_OPENMP=ON, USE_ROCM=OFF, 

TorchVision: 0.14.1+cu117
OpenCV: 4.7.0
MMCV: 1.7.1
MMCV Compiler: GCC 9.3
MMCV CUDA Compiler: 11.7
MMClassification: 0.25.0+3d4f80d
------------------------------------------------------------

2023-02-05 16:16:48,401 - mmcls - INFO - Distributed training: False
2023-02-05 16:16:48,521 - mmcls - INFO - Config:
model = dict(
    type='ImageClassifier',
    backbone=dict(
        type='ResNet',
        depth=50,
        num_stages=4,
        out_indices=(3, ),
        style='pytorch'),
    neck=dict(type='GlobalAveragePooling'),
    head=dict(
        type='LinearClsHead',
        num_classes=5,
        in_channels=2048,
        loss=dict(type='CrossEntropyLoss', loss_weight=1.0),
        topk=(1, )))
dataset_type = 'ImageNet'
img_norm_cfg = dict(
    mean=[123.675, 116.28, 103.53], std=[58.395, 57.12, 57.375], to_rgb=True)
train_pipeline = [
    dict(type='LoadImageFromFile'),
    dict(type='RandomResizedCrop', size=224),
    dict(type='RandomFlip', flip_prob=0.5, direction='horizontal'),
    dict(
        type='Normalize',
        mean=[123.675, 116.28, 103.53],
        std=[58.395, 57.12, 57.375],
        to_rgb=True),
    dict(type='ImageToTensor', keys=['img']),
    dict(type='ToTensor', keys=['gt_label']),
    dict(type='Collect', keys=['img', 'gt_label'])
]
test_pipeline = [
    dict(type='LoadImageFromFile'),
    dict(type='Resize', size=(256, -1)),
    dict(type='CenterCrop', crop_size=224),
    dict(
        type='Normalize',
        mean=[123.675, 116.28, 103.53],
        std=[58.395, 57.12, 57.375],
        to_rgb=True),
    dict(type='ImageToTensor', keys=['img']),
    dict(type='Collect', keys=['img'])
]
data = dict(
    samples_per_gpu=64,
    workers_per_gpu=2,
    train=dict(
        type='ImageNet',
        data_prefix='data/flower_dataset/train',
        pipeline=[
            dict(type='LoadImageFromFile'),
            dict(type='RandomResizedCrop', size=224),
            dict(type='RandomFlip', flip_prob=0.5, direction='horizontal'),
            dict(
                type='Normalize',
                mean=[123.675, 116.28, 103.53],
                std=[58.395, 57.12, 57.375],
                to_rgb=True),
            dict(type='ImageToTensor', keys=['img']),
            dict(type='ToTensor', keys=['gt_label']),
            dict(type='Collect', keys=['img', 'gt_label'])
        ],
        ann_file='data/flower_dataset/train.txt',
        classes='data/flower_dataset/classes.txt'),
    val=dict(
        type='ImageNet',
        data_prefix='data/flower_dataset/val',
        ann_file='data/flower_dataset/val.txt',
        pipeline=[
            dict(type='LoadImageFromFile'),
            dict(type='Resize', size=(256, -1)),
            dict(type='CenterCrop', crop_size=224),
            dict(
                type='Normalize',
                mean=[123.675, 116.28, 103.53],
                std=[58.395, 57.12, 57.375],
                to_rgb=True),
            dict(type='ImageToTensor', keys=['img']),
            dict(type='Collect', keys=['img'])
        ],
        classes='data/flower_dataset/classes.txt'),
    test=dict(
        type='ImageNet',
        data_prefix='data/imagenet/val',
        ann_file='data/imagenet/meta/val.txt',
        pipeline=[
            dict(type='LoadImageFromFile'),
            dict(type='Resize', size=(256, -1)),
            dict(type='CenterCrop', crop_size=224),
            dict(
                type='Normalize',
                mean=[123.675, 116.28, 103.53],
                std=[58.395, 57.12, 57.375],
                to_rgb=True),
            dict(type='ImageToTensor', keys=['img']),
            dict(type='Collect', keys=['img'])
        ]))
evaluation = dict(
    interval=1, metric='accuracy', metric_options=dict(topk=(1, )))
checkpoint_config = dict(interval=1)
log_config = dict(interval=100, hooks=[dict(type='TextLoggerHook')])
dist_params = dict(backend='nccl')
log_level = 'INFO'
load_from = '/data/home/scv9243/run/mmclassification/checkpoints/resnet50_checkpoints/resnet50_8xb32_in1k_20210831-ea4938fc.pth'
resume_from = None
workflow = [('train', 1)]
optimizer = dict(type='SGD', lr=0.001, momentum=0.9, weight_decay=0.0001)
optimizer_config = dict(grad_clip=None)
lr_config = dict(
    policy='step', step=[1], by_epoch=True, warmup='linear', warmup_iters=5)
runner = dict(type='EpochBasedRunner', max_epochs=100)
work_dir = 'work/resnet50_flower'
gpu_ids = [0]

2023-02-05 16:16:48,525 - mmcls - INFO - Set random seed to 1287354223, deterministic: False
2023-02-05 16:16:52,757 - mmcls - INFO - load checkpoint from local path: /data/home/scv9243/run/mmclassification/checkpoints/resnet50_checkpoints/resnet50_8xb32_in1k_20210831-ea4938fc.pth
2023-02-05 16:16:53,040 - mmcls - WARNING - The model and loaded state dict do not match exactly

size mismatch for head.fc.weight: copying a param with shape torch.Size([1000, 2048]) from checkpoint, the shape in current model is torch.Size([5, 2048]).
size mismatch for head.fc.bias: copying a param with shape torch.Size([1000]) from checkpoint, the shape in current model is torch.Size([5]).
2023-02-05 16:16:53,043 - mmcls - INFO - Start running, host: scv9243@g0035, work_dir: /data/run01/scv9243/mmclassification/work/resnet50_flower
2023-02-05 16:16:53,043 - mmcls - INFO - Hooks will be executed in the following order:
before_run:
(VERY_HIGH   ) StepLrUpdaterHook                  
(NORMAL      ) CheckpointHook                     
(LOW         ) EvalHook                           
(VERY_LOW    ) TextLoggerHook                     
 -------------------- 
before_train_epoch:
(VERY_HIGH   ) StepLrUpdaterHook                  
(LOW         ) IterTimerHook                      
(LOW         ) EvalHook                           
(VERY_LOW    ) TextLoggerHook                     
 -------------------- 
before_train_iter:
(VERY_HIGH   ) StepLrUpdaterHook                  
(LOW         ) IterTimerHook                      
(LOW         ) EvalHook                           
 -------------------- 
after_train_iter:
(ABOVE_NORMAL) OptimizerHook                      
(NORMAL      ) CheckpointHook                     
(LOW         ) IterTimerHook                      
(LOW         ) EvalHook                           
(VERY_LOW    ) TextLoggerHook                     
 -------------------- 
after_train_epoch:
(NORMAL      ) CheckpointHook                     
(LOW         ) EvalHook                           
(VERY_LOW    ) TextLoggerHook                     
 -------------------- 
before_val_epoch:
(LOW         ) IterTimerHook                      
(VERY_LOW    ) TextLoggerHook                     
 -------------------- 
before_val_iter:
(LOW         ) IterTimerHook                      
 -------------------- 
after_val_iter:
(LOW         ) IterTimerHook                      
 -------------------- 
after_val_epoch:
(VERY_LOW    ) TextLoggerHook                     
 -------------------- 
after_run:
(VERY_LOW    ) TextLoggerHook                     
 -------------------- 
2023-02-05 16:16:53,044 - mmcls - INFO - workflow: [('train', 1)], max: 100 epochs
2023-02-05 16:16:53,044 - mmcls - INFO - Checkpoints will be saved to /data/run01/scv9243/mmclassification/work/resnet50_flower by HardDiskBackend.
2023-02-05 16:17:08,543 - mmcls - INFO - Saving checkpoint at 1 epochs
2023-02-05 16:17:11,328 - mmcls - INFO - Epoch(val) [1][9]	accuracy_top-1: 90.5594
2023-02-05 16:17:20,228 - mmcls - INFO - Saving checkpoint at 2 epochs
2023-02-05 16:17:22,020 - mmcls - INFO - Epoch(val) [2][9]	accuracy_top-1: 92.6573
2023-02-05 16:17:30,845 - mmcls - INFO - Saving checkpoint at 3 epochs
2023-02-05 16:17:32,713 - mmcls - INFO - Epoch(val) [3][9]	accuracy_top-1: 93.1818
2023-02-05 16:17:41,587 - mmcls - INFO - Saving checkpoint at 4 epochs
2023-02-05 16:17:43,421 - mmcls - INFO - Epoch(val) [4][9]	accuracy_top-1: 93.3566
2023-02-05 16:17:52,305 - mmcls - INFO - Saving checkpoint at 5 epochs
2023-02-05 16:17:54,162 - mmcls - INFO - Epoch(val) [5][9]	accuracy_top-1: 93.3566
2023-02-05 16:18:03,027 - mmcls - INFO - Saving checkpoint at 6 epochs
2023-02-05 16:18:04,890 - mmcls - INFO - Epoch(val) [6][9]	accuracy_top-1: 93.3566
2023-02-05 16:18:13,749 - mmcls - INFO - Saving checkpoint at 7 epochs
2023-02-05 16:18:15,542 - mmcls - INFO - Epoch(val) [7][9]	accuracy_top-1: 93.7063
2023-02-05 16:18:24,417 - mmcls - INFO - Saving checkpoint at 8 epochs
2023-02-05 16:18:26,216 - mmcls - INFO - Epoch(val) [8][9]	accuracy_top-1: 93.7063
2023-02-05 16:18:35,080 - mmcls - INFO - Saving checkpoint at 9 epochs
2023-02-05 16:18:36,912 - mmcls - INFO - Epoch(val) [9][9]	accuracy_top-1: 93.7063
2023-02-05 16:18:45,744 - mmcls - INFO - Saving checkpoint at 10 epochs
2023-02-05 16:18:47,563 - mmcls - INFO - Epoch(val) [10][9]	accuracy_top-1: 93.8811
2023-02-05 16:18:56,454 - mmcls - INFO - Saving checkpoint at 11 epochs
2023-02-05 16:18:58,356 - mmcls - INFO - Epoch(val) [11][9]	accuracy_top-1: 93.5315
2023-02-05 16:19:07,207 - mmcls - INFO - Saving checkpoint at 12 epochs
2023-02-05 16:19:09,028 - mmcls - INFO - Epoch(val) [12][9]	accuracy_top-1: 94.0559
2023-02-05 16:19:17,919 - mmcls - INFO - Saving checkpoint at 13 epochs
2023-02-05 16:19:19,757 - mmcls - INFO - Epoch(val) [13][9]	accuracy_top-1: 94.0559
2023-02-05 16:19:28,625 - mmcls - INFO - Saving checkpoint at 14 epochs
2023-02-05 16:19:30,603 - mmcls - INFO - Epoch(val) [14][9]	accuracy_top-1: 94.2308
2023-02-05 16:19:39,443 - mmcls - INFO - Saving checkpoint at 15 epochs
2023-02-05 16:19:41,295 - mmcls - INFO - Epoch(val) [15][9]	accuracy_top-1: 94.0559
2023-02-05 16:19:50,200 - mmcls - INFO - Saving checkpoint at 16 epochs
2023-02-05 16:19:51,976 - mmcls - INFO - Epoch(val) [16][9]	accuracy_top-1: 94.4056
2023-02-05 16:20:00,831 - mmcls - INFO - Saving checkpoint at 17 epochs
2023-02-05 16:20:02,635 - mmcls - INFO - Epoch(val) [17][9]	accuracy_top-1: 94.5804
2023-02-05 16:20:11,532 - mmcls - INFO - Saving checkpoint at 18 epochs
2023-02-05 16:20:13,466 - mmcls - INFO - Epoch(val) [18][9]	accuracy_top-1: 94.4056
2023-02-05 16:20:22,356 - mmcls - INFO - Saving checkpoint at 19 epochs
2023-02-05 16:20:24,165 - mmcls - INFO - Epoch(val) [19][9]	accuracy_top-1: 94.4056
2023-02-05 16:20:33,032 - mmcls - INFO - Saving checkpoint at 20 epochs
2023-02-05 16:20:34,851 - mmcls - INFO - Epoch(val) [20][9]	accuracy_top-1: 94.5804
2023-02-05 16:20:43,700 - mmcls - INFO - Saving checkpoint at 21 epochs
2023-02-05 16:20:45,529 - mmcls - INFO - Epoch(val) [21][9]	accuracy_top-1: 94.2308
2023-02-05 16:20:54,414 - mmcls - INFO - Saving checkpoint at 22 epochs
2023-02-05 16:20:56,264 - mmcls - INFO - Epoch(val) [22][9]	accuracy_top-1: 94.7552
2023-02-05 16:21:05,173 - mmcls - INFO - Saving checkpoint at 23 epochs
2023-02-05 16:21:07,037 - mmcls - INFO - Epoch(val) [23][9]	accuracy_top-1: 94.4056
2023-02-05 16:21:15,926 - mmcls - INFO - Saving checkpoint at 24 epochs
2023-02-05 16:21:17,855 - mmcls - INFO - Epoch(val) [24][9]	accuracy_top-1: 94.7552
2023-02-05 16:21:26,736 - mmcls - INFO - Saving checkpoint at 25 epochs
2023-02-05 16:21:28,607 - mmcls - INFO - Epoch(val) [25][9]	accuracy_top-1: 94.4056
2023-02-05 16:21:37,471 - mmcls - INFO - Saving checkpoint at 26 epochs
2023-02-05 16:21:39,232 - mmcls - INFO - Epoch(val) [26][9]	accuracy_top-1: 94.7552
2023-02-05 16:21:48,119 - mmcls - INFO - Saving checkpoint at 27 epochs
2023-02-05 16:21:49,895 - mmcls - INFO - Epoch(val) [27][9]	accuracy_top-1: 94.7552
2023-02-05 16:21:58,824 - mmcls - INFO - Saving checkpoint at 28 epochs
2023-02-05 16:22:00,597 - mmcls - INFO - Epoch(val) [28][9]	accuracy_top-1: 94.9301
2023-02-05 16:22:09,513 - mmcls - INFO - Saving checkpoint at 29 epochs
2023-02-05 16:22:11,338 - mmcls - INFO - Epoch(val) [29][9]	accuracy_top-1: 95.1049
2023-02-05 16:22:20,219 - mmcls - INFO - Saving checkpoint at 30 epochs
2023-02-05 16:22:22,034 - mmcls - INFO - Epoch(val) [30][9]	accuracy_top-1: 94.9301
2023-02-05 16:22:30,907 - mmcls - INFO - Saving checkpoint at 31 epochs
2023-02-05 16:22:32,684 - mmcls - INFO - Epoch(val) [31][9]	accuracy_top-1: 95.1049
2023-02-05 16:22:41,546 - mmcls - INFO - Saving checkpoint at 32 epochs
2023-02-05 16:22:43,355 - mmcls - INFO - Epoch(val) [32][9]	accuracy_top-1: 94.5804
2023-02-05 16:22:52,239 - mmcls - INFO - Saving checkpoint at 33 epochs
2023-02-05 16:22:54,161 - mmcls - INFO - Epoch(val) [33][9]	accuracy_top-1: 94.9301
2023-02-05 16:23:03,074 - mmcls - INFO - Saving checkpoint at 34 epochs
2023-02-05 16:23:04,889 - mmcls - INFO - Epoch(val) [34][9]	accuracy_top-1: 94.7552
2023-02-05 16:23:13,782 - mmcls - INFO - Saving checkpoint at 35 epochs
2023-02-05 16:23:15,600 - mmcls - INFO - Epoch(val) [35][9]	accuracy_top-1: 95.1049
2023-02-05 16:23:24,521 - mmcls - INFO - Saving checkpoint at 36 epochs
2023-02-05 16:23:26,335 - mmcls - INFO - Epoch(val) [36][9]	accuracy_top-1: 95.2797
2023-02-05 16:23:35,197 - mmcls - INFO - Saving checkpoint at 37 epochs
2023-02-05 16:23:37,062 - mmcls - INFO - Epoch(val) [37][9]	accuracy_top-1: 94.9301
2023-02-05 16:23:45,944 - mmcls - INFO - Saving checkpoint at 38 epochs
2023-02-05 16:23:47,782 - mmcls - INFO - Epoch(val) [38][9]	accuracy_top-1: 94.9301
2023-02-05 16:23:56,728 - mmcls - INFO - Saving checkpoint at 39 epochs
2023-02-05 16:23:58,488 - mmcls - INFO - Epoch(val) [39][9]	accuracy_top-1: 94.9301
2023-02-05 16:24:07,406 - mmcls - INFO - Saving checkpoint at 40 epochs
2023-02-05 16:24:09,208 - mmcls - INFO - Epoch(val) [40][9]	accuracy_top-1: 95.1049
2023-02-05 16:24:18,072 - mmcls - INFO - Saving checkpoint at 41 epochs
2023-02-05 16:24:19,956 - mmcls - INFO - Epoch(val) [41][9]	accuracy_top-1: 95.2797
2023-02-05 16:24:28,821 - mmcls - INFO - Saving checkpoint at 42 epochs
2023-02-05 16:24:30,573 - mmcls - INFO - Epoch(val) [42][9]	accuracy_top-1: 95.2797
2023-02-05 16:24:39,450 - mmcls - INFO - Saving checkpoint at 43 epochs
2023-02-05 16:24:41,251 - mmcls - INFO - Epoch(val) [43][9]	accuracy_top-1: 95.1049
2023-02-05 16:24:50,156 - mmcls - INFO - Saving checkpoint at 44 epochs
2023-02-05 16:24:51,959 - mmcls - INFO - Epoch(val) [44][9]	accuracy_top-1: 95.2797
2023-02-05 16:25:00,842 - mmcls - INFO - Saving checkpoint at 45 epochs
2023-02-05 16:25:02,745 - mmcls - INFO - Epoch(val) [45][9]	accuracy_top-1: 94.9301
2023-02-05 16:25:11,624 - mmcls - INFO - Saving checkpoint at 46 epochs
2023-02-05 16:25:13,489 - mmcls - INFO - Epoch(val) [46][9]	accuracy_top-1: 94.7552
2023-02-05 16:25:22,385 - mmcls - INFO - Saving checkpoint at 47 epochs
2023-02-05 16:25:24,195 - mmcls - INFO - Epoch(val) [47][9]	accuracy_top-1: 95.1049
2023-02-05 16:25:33,090 - mmcls - INFO - Saving checkpoint at 48 epochs
2023-02-05 16:25:34,966 - mmcls - INFO - Epoch(val) [48][9]	accuracy_top-1: 95.4545
2023-02-05 16:25:43,855 - mmcls - INFO - Saving checkpoint at 49 epochs
2023-02-05 16:25:45,657 - mmcls - INFO - Epoch(val) [49][9]	accuracy_top-1: 94.9301
2023-02-05 16:25:54,548 - mmcls - INFO - Saving checkpoint at 50 epochs
2023-02-05 16:25:56,370 - mmcls - INFO - Epoch(val) [50][9]	accuracy_top-1: 95.1049
2023-02-05 16:26:05,275 - mmcls - INFO - Saving checkpoint at 51 epochs
2023-02-05 16:26:07,070 - mmcls - INFO - Epoch(val) [51][9]	accuracy_top-1: 95.2797
2023-02-05 16:26:15,965 - mmcls - INFO - Saving checkpoint at 52 epochs
2023-02-05 16:26:17,751 - mmcls - INFO - Epoch(val) [52][9]	accuracy_top-1: 95.1049
2023-02-05 16:26:26,648 - mmcls - INFO - Saving checkpoint at 53 epochs
2023-02-05 16:26:28,513 - mmcls - INFO - Epoch(val) [53][9]	accuracy_top-1: 94.9301
2023-02-05 16:26:37,429 - mmcls - INFO - Saving checkpoint at 54 epochs
2023-02-05 16:26:39,264 - mmcls - INFO - Epoch(val) [54][9]	accuracy_top-1: 95.2797
2023-02-05 16:26:48,157 - mmcls - INFO - Saving checkpoint at 55 epochs
2023-02-05 16:26:49,930 - mmcls - INFO - Epoch(val) [55][9]	accuracy_top-1: 95.2797
2023-02-05 16:26:58,767 - mmcls - INFO - Saving checkpoint at 56 epochs
2023-02-05 16:27:00,614 - mmcls - INFO - Epoch(val) [56][9]	accuracy_top-1: 95.1049
2023-02-05 16:27:09,507 - mmcls - INFO - Saving checkpoint at 57 epochs
2023-02-05 16:27:11,401 - mmcls - INFO - Epoch(val) [57][9]	accuracy_top-1: 94.9301
2023-02-05 16:27:20,257 - mmcls - INFO - Saving checkpoint at 58 epochs
2023-02-05 16:27:22,135 - mmcls - INFO - Epoch(val) [58][9]	accuracy_top-1: 95.2797
2023-02-05 16:27:31,032 - mmcls - INFO - Saving checkpoint at 59 epochs
2023-02-05 16:27:32,796 - mmcls - INFO - Epoch(val) [59][9]	accuracy_top-1: 95.1049
2023-02-05 16:27:41,682 - mmcls - INFO - Saving checkpoint at 60 epochs
2023-02-05 16:27:43,483 - mmcls - INFO - Epoch(val) [60][9]	accuracy_top-1: 95.2797
2023-02-05 16:27:52,372 - mmcls - INFO - Saving checkpoint at 61 epochs
2023-02-05 16:27:54,189 - mmcls - INFO - Epoch(val) [61][9]	accuracy_top-1: 95.2797
2023-02-05 16:28:03,062 - mmcls - INFO - Saving checkpoint at 62 epochs
2023-02-05 16:28:04,982 - mmcls - INFO - Epoch(val) [62][9]	accuracy_top-1: 95.2797
2023-02-05 16:28:13,875 - mmcls - INFO - Saving checkpoint at 63 epochs
2023-02-05 16:28:15,673 - mmcls - INFO - Epoch(val) [63][9]	accuracy_top-1: 95.2797
2023-02-05 16:28:24,537 - mmcls - INFO - Saving checkpoint at 64 epochs
2023-02-05 16:28:26,350 - mmcls - INFO - Epoch(val) [64][9]	accuracy_top-1: 95.2797
2023-02-05 16:28:35,266 - mmcls - INFO - Saving checkpoint at 65 epochs
2023-02-05 16:28:37,074 - mmcls - INFO - Epoch(val) [65][9]	accuracy_top-1: 95.4545
2023-02-05 16:28:45,988 - mmcls - INFO - Saving checkpoint at 66 epochs
2023-02-05 16:28:47,776 - mmcls - INFO - Epoch(val) [66][9]	accuracy_top-1: 95.6294
2023-02-05 16:28:56,653 - mmcls - INFO - Saving checkpoint at 67 epochs
2023-02-05 16:28:58,451 - mmcls - INFO - Epoch(val) [67][9]	accuracy_top-1: 95.2797
2023-02-05 16:29:07,360 - mmcls - INFO - Saving checkpoint at 68 epochs
2023-02-05 16:29:09,161 - mmcls - INFO - Epoch(val) [68][9]	accuracy_top-1: 95.2797
2023-02-05 16:29:18,045 - mmcls - INFO - Saving checkpoint at 69 epochs
2023-02-05 16:29:19,858 - mmcls - INFO - Epoch(val) [69][9]	accuracy_top-1: 95.2797
2023-02-05 16:29:28,754 - mmcls - INFO - Saving checkpoint at 70 epochs
2023-02-05 16:29:30,607 - mmcls - INFO - Epoch(val) [70][9]	accuracy_top-1: 95.1049
2023-02-05 16:29:39,500 - mmcls - INFO - Saving checkpoint at 71 epochs
2023-02-05 16:29:41,330 - mmcls - INFO - Epoch(val) [71][9]	accuracy_top-1: 95.1049
2023-02-05 16:29:50,247 - mmcls - INFO - Saving checkpoint at 72 epochs
2023-02-05 16:29:52,073 - mmcls - INFO - Epoch(val) [72][9]	accuracy_top-1: 95.2797
2023-02-05 16:30:00,978 - mmcls - INFO - Saving checkpoint at 73 epochs
2023-02-05 16:30:02,841 - mmcls - INFO - Epoch(val) [73][9]	accuracy_top-1: 94.9301
2023-02-05 16:30:11,725 - mmcls - INFO - Saving checkpoint at 74 epochs
2023-02-05 16:30:13,664 - mmcls - INFO - Epoch(val) [74][9]	accuracy_top-1: 95.1049
2023-02-05 16:30:22,583 - mmcls - INFO - Saving checkpoint at 75 epochs
2023-02-05 16:30:24,443 - mmcls - INFO - Epoch(val) [75][9]	accuracy_top-1: 95.1049
2023-02-05 16:30:33,305 - mmcls - INFO - Saving checkpoint at 76 epochs
2023-02-05 16:30:35,111 - mmcls - INFO - Epoch(val) [76][9]	accuracy_top-1: 95.4545
2023-02-05 16:30:44,010 - mmcls - INFO - Saving checkpoint at 77 epochs
2023-02-05 16:30:45,846 - mmcls - INFO - Epoch(val) [77][9]	accuracy_top-1: 95.4545
2023-02-05 16:30:54,728 - mmcls - INFO - Saving checkpoint at 78 epochs
2023-02-05 16:30:56,533 - mmcls - INFO - Epoch(val) [78][9]	accuracy_top-1: 95.8042
2023-02-05 16:31:05,412 - mmcls - INFO - Saving checkpoint at 79 epochs
2023-02-05 16:31:07,307 - mmcls - INFO - Epoch(val) [79][9]	accuracy_top-1: 95.2797
2023-02-05 16:31:16,177 - mmcls - INFO - Saving checkpoint at 80 epochs
2023-02-05 16:31:18,019 - mmcls - INFO - Epoch(val) [80][9]	accuracy_top-1: 95.4545
2023-02-05 16:31:26,929 - mmcls - INFO - Saving checkpoint at 81 epochs
2023-02-05 16:31:28,733 - mmcls - INFO - Epoch(val) [81][9]	accuracy_top-1: 95.2797
2023-02-05 16:31:37,608 - mmcls - INFO - Saving checkpoint at 82 epochs
2023-02-05 16:31:39,414 - mmcls - INFO - Epoch(val) [82][9]	accuracy_top-1: 95.4545
2023-02-05 16:31:48,284 - mmcls - INFO - Saving checkpoint at 83 epochs
2023-02-05 16:31:50,024 - mmcls - INFO - Epoch(val) [83][9]	accuracy_top-1: 95.4545
2023-02-05 16:31:58,911 - mmcls - INFO - Saving checkpoint at 84 epochs
2023-02-05 16:32:00,783 - mmcls - INFO - Epoch(val) [84][9]	accuracy_top-1: 95.4545
2023-02-05 16:32:09,670 - mmcls - INFO - Saving checkpoint at 85 epochs
2023-02-05 16:32:11,551 - mmcls - INFO - Epoch(val) [85][9]	accuracy_top-1: 95.6294
2023-02-05 16:32:20,436 - mmcls - INFO - Saving checkpoint at 86 epochs
2023-02-05 16:32:22,217 - mmcls - INFO - Epoch(val) [86][9]	accuracy_top-1: 95.6294
2023-02-05 16:32:31,080 - mmcls - INFO - Saving checkpoint at 87 epochs
2023-02-05 16:32:32,850 - mmcls - INFO - Epoch(val) [87][9]	accuracy_top-1: 95.6294
2023-02-05 16:32:41,732 - mmcls - INFO - Saving checkpoint at 88 epochs
2023-02-05 16:32:43,615 - mmcls - INFO - Epoch(val) [88][9]	accuracy_top-1: 95.9790
2023-02-05 16:32:52,517 - mmcls - INFO - Saving checkpoint at 89 epochs
2023-02-05 16:32:54,301 - mmcls - INFO - Epoch(val) [89][9]	accuracy_top-1: 95.9790
2023-02-05 16:33:03,162 - mmcls - INFO - Saving checkpoint at 90 epochs
2023-02-05 16:33:04,917 - mmcls - INFO - Epoch(val) [90][9]	accuracy_top-1: 95.9790
2023-02-05 16:33:13,792 - mmcls - INFO - Saving checkpoint at 91 epochs
2023-02-05 16:33:15,636 - mmcls - INFO - Epoch(val) [91][9]	accuracy_top-1: 95.6294
2023-02-05 16:33:24,521 - mmcls - INFO - Saving checkpoint at 92 epochs
2023-02-05 16:33:26,275 - mmcls - INFO - Epoch(val) [92][9]	accuracy_top-1: 95.6294
2023-02-05 16:33:35,175 - mmcls - INFO - Saving checkpoint at 93 epochs
2023-02-05 16:33:36,974 - mmcls - INFO - Epoch(val) [93][9]	accuracy_top-1: 95.9790
2023-02-05 16:33:45,884 - mmcls - INFO - Saving checkpoint at 94 epochs
2023-02-05 16:33:47,776 - mmcls - INFO - Epoch(val) [94][9]	accuracy_top-1: 95.8042
2023-02-05 16:33:56,638 - mmcls - INFO - Saving checkpoint at 95 epochs
2023-02-05 16:33:58,453 - mmcls - INFO - Epoch(val) [95][9]	accuracy_top-1: 95.9790
2023-02-05 16:34:07,377 - mmcls - INFO - Saving checkpoint at 96 epochs
2023-02-05 16:34:09,171 - mmcls - INFO - Epoch(val) [96][9]	accuracy_top-1: 95.6294
2023-02-05 16:34:18,049 - mmcls - INFO - Saving checkpoint at 97 epochs
2023-02-05 16:34:19,831 - mmcls - INFO - Epoch(val) [97][9]	accuracy_top-1: 95.8042
2023-02-05 16:34:28,726 - mmcls - INFO - Saving checkpoint at 98 epochs
2023-02-05 16:34:30,495 - mmcls - INFO - Epoch(val) [98][9]	accuracy_top-1: 96.1538
2023-02-05 16:34:39,385 - mmcls - INFO - Saving checkpoint at 99 epochs
2023-02-05 16:34:41,203 - mmcls - INFO - Epoch(val) [99][9]	accuracy_top-1: 95.9790
2023-02-05 16:34:50,079 - mmcls - INFO - Saving checkpoint at 100 epochs
2023-02-05 16:34:52,119 - mmcls - INFO - Epoch(val) [100][9]	accuracy_top-1: 95.8042
